<?xml version="1.0" encoding="UTF-8"?>
<testsuite xmlns:xsi="http://www.w3.org/2001/XMLSchema-instance" xsi:noNamespaceSchemaLocation="https://maven.apache.org/surefire/maven-surefire-plugin/xsd/surefire-test-report-3.0.xsd" version="3.0" name="runners.TestRunner" time="4.347" tests="12" errors="0" skipped="0" failures="0">
  <properties>
    <property name="java.specification.version" value="21"/>
    <property name="sun.jnu.encoding" value="UTF-8"/>
    <property name="java.class.path" value="/Users/victorcarvajal/Desktop/ApiServer/Framework_RestAssured_Cucumber_POM/target/test-classes:/Users/victorcarvajal/Desktop/ApiServer/Framework_RestAssured_Cucumber_POM/target/classes:/Users/victorcarvajal/.m2/repository/junit/junit/4.13/junit-4.13.jar:/Users/victorcarvajal/.m2/repository/org/hamcrest/hamcrest-core/1.3/hamcrest-core-1.3.jar:/Users/victorcarvajal/.m2/repository/io/rest-assured/rest-assured/5.3.0/rest-assured-5.3.0.jar:/Users/victorcarvajal/.m2/repository/org/apache/groovy/groovy/4.0.6/groovy-4.0.6.jar:/Users/victorcarvajal/.m2/repository/org/apache/groovy/groovy-xml/4.0.6/groovy-xml-4.0.6.jar:/Users/victorcarvajal/.m2/repository/org/apache/httpcomponents/httpclient/4.5.13/httpclient-4.5.13.jar:/Users/victorcarvajal/.m2/repository/org/apache/httpcomponents/httpcore/4.4.13/httpcore-4.4.13.jar:/Users/victorcarvajal/.m2/repository/commons-logging/commons-logging/1.2/commons-logging-1.2.jar:/Users/victorcarvajal/.m2/repository/commons-codec/commons-codec/1.11/commons-codec-1.11.jar:/Users/victorcarvajal/.m2/repository/org/apache/httpcomponents/httpmime/4.5.13/httpmime-4.5.13.jar:/Users/victorcarvajal/.m2/repository/org/hamcrest/hamcrest/2.1/hamcrest-2.1.jar:/Users/victorcarvajal/.m2/repository/org/ccil/cowan/tagsoup/tagsoup/1.2.1/tagsoup-1.2.1.jar:/Users/victorcarvajal/.m2/repository/io/rest-assured/json-path/5.3.0/json-path-5.3.0.jar:/Users/victorcarvajal/.m2/repository/org/apache/groovy/groovy-json/4.0.6/groovy-json-4.0.6.jar:/Users/victorcarvajal/.m2/repository/io/rest-assured/rest-assured-common/5.3.0/rest-assured-common-5.3.0.jar:/Users/victorcarvajal/.m2/repository/io/rest-assured/xml-path/5.3.0/xml-path-5.3.0.jar:/Users/victorcarvajal/.m2/repository/org/apache/commons/commons-lang3/3.11/commons-lang3-3.11.jar:/Users/victorcarvajal/.m2/repository/io/cucumber/cucumber-java/7.0.0/cucumber-java-7.0.0.jar:/Users/victorcarvajal/.m2/repository/io/cucumber/cucumber-core/7.0.0/cucumber-core-7.0.0.jar:/Users/victorcarvajal/.m2/repository/io/cucumber/cucumber-gherkin/7.0.0/cucumber-gherkin-7.0.0.jar:/Users/victorcarvajal/.m2/repository/io/cucumber/cucumber-gherkin-messages/7.0.0/cucumber-gherkin-messages-7.0.0.jar:/Users/victorcarvajal/.m2/repository/io/cucumber/messages/17.1.1/messages-17.1.1.jar:/Users/victorcarvajal/.m2/repository/io/cucumber/tag-expressions/4.0.2/tag-expressions-4.0.2.jar:/Users/victorcarvajal/.m2/repository/io/cucumber/cucumber-expressions/13.0.1/cucumber-expressions-13.0.1.jar:/Users/victorcarvajal/.m2/repository/io/cucumber/datatable/7.0.0/datatable-7.0.0.jar:/Users/victorcarvajal/.m2/repository/io/cucumber/cucumber-plugin/7.0.0/cucumber-plugin-7.0.0.jar:/Users/victorcarvajal/.m2/repository/io/cucumber/docstring/7.0.0/docstring-7.0.0.jar:/Users/victorcarvajal/.m2/repository/io/cucumber/html-formatter/17.0.0/html-formatter-17.0.0.jar:/Users/victorcarvajal/.m2/repository/io/cucumber/create-meta/6.0.1/create-meta-6.0.1.jar:/Users/victorcarvajal/.m2/repository/org/apiguardian/apiguardian-api/1.1.2/apiguardian-api-1.1.2.jar:/Users/victorcarvajal/.m2/repository/io/cucumber/cucumber-junit/7.0.0/cucumber-junit-7.0.0.jar:/Users/victorcarvajal/.m2/repository/io/qameta/allure/allure-cucumber7-jvm/2.17.0/allure-cucumber7-jvm-2.17.0.jar:/Users/victorcarvajal/.m2/repository/io/qameta/allure/allure-java-commons/2.17.0/allure-java-commons-2.17.0.jar:/Users/victorcarvajal/.m2/repository/org/slf4j/slf4j-api/1.7.30/slf4j-api-1.7.30.jar:/Users/victorcarvajal/.m2/repository/io/qameta/allure/allure-model/2.17.0/allure-model-2.17.0.jar:/Users/victorcarvajal/.m2/repository/io/cucumber/gherkin/22.0.0/gherkin-22.0.0.jar:"/>
    <property name="java.vm.vendor" value="Oracle Corporation"/>
    <property name="sun.arch.data.model" value="64"/>
    <property name="java.vendor.url" value="https://java.oracle.com/"/>
    <property name="os.name" value="Mac OS X"/>
    <property name="java.vm.specification.version" value="21"/>
    <property name="sun.java.launcher" value="SUN_STANDARD"/>
    <property name="user.country" value="419"/>
    <property name="sun.boot.library.path" value="/Users/victorcarvajal/Library/Java/JavaVirtualMachines/openjdk-21.0.2/Contents/Home/lib"/>
    <property name="sun.java.command" value="/Users/victorcarvajal/Desktop/ApiServer/Framework_RestAssured_Cucumber_POM/target/surefire/surefirebooter-20240222133033252_3.jar /Users/victorcarvajal/Desktop/ApiServer/Framework_RestAssured_Cucumber_POM/target/surefire 2024-02-22T13-30-33_137-jvmRun1 surefire-20240222133033252_1tmp surefire_0-20240222133033252_2tmp"/>
    <property name="http.nonProxyHosts" value="local|*.local|169.254/16|*.169.254/16"/>
    <property name="jdk.debug" value="release"/>
    <property name="surefire.test.class.path" value="/Users/victorcarvajal/Desktop/ApiServer/Framework_RestAssured_Cucumber_POM/target/test-classes:/Users/victorcarvajal/Desktop/ApiServer/Framework_RestAssured_Cucumber_POM/target/classes:/Users/victorcarvajal/.m2/repository/junit/junit/4.13/junit-4.13.jar:/Users/victorcarvajal/.m2/repository/org/hamcrest/hamcrest-core/1.3/hamcrest-core-1.3.jar:/Users/victorcarvajal/.m2/repository/io/rest-assured/rest-assured/5.3.0/rest-assured-5.3.0.jar:/Users/victorcarvajal/.m2/repository/org/apache/groovy/groovy/4.0.6/groovy-4.0.6.jar:/Users/victorcarvajal/.m2/repository/org/apache/groovy/groovy-xml/4.0.6/groovy-xml-4.0.6.jar:/Users/victorcarvajal/.m2/repository/org/apache/httpcomponents/httpclient/4.5.13/httpclient-4.5.13.jar:/Users/victorcarvajal/.m2/repository/org/apache/httpcomponents/httpcore/4.4.13/httpcore-4.4.13.jar:/Users/victorcarvajal/.m2/repository/commons-logging/commons-logging/1.2/commons-logging-1.2.jar:/Users/victorcarvajal/.m2/repository/commons-codec/commons-codec/1.11/commons-codec-1.11.jar:/Users/victorcarvajal/.m2/repository/org/apache/httpcomponents/httpmime/4.5.13/httpmime-4.5.13.jar:/Users/victorcarvajal/.m2/repository/org/hamcrest/hamcrest/2.1/hamcrest-2.1.jar:/Users/victorcarvajal/.m2/repository/org/ccil/cowan/tagsoup/tagsoup/1.2.1/tagsoup-1.2.1.jar:/Users/victorcarvajal/.m2/repository/io/rest-assured/json-path/5.3.0/json-path-5.3.0.jar:/Users/victorcarvajal/.m2/repository/org/apache/groovy/groovy-json/4.0.6/groovy-json-4.0.6.jar:/Users/victorcarvajal/.m2/repository/io/rest-assured/rest-assured-common/5.3.0/rest-assured-common-5.3.0.jar:/Users/victorcarvajal/.m2/repository/io/rest-assured/xml-path/5.3.0/xml-path-5.3.0.jar:/Users/victorcarvajal/.m2/repository/org/apache/commons/commons-lang3/3.11/commons-lang3-3.11.jar:/Users/victorcarvajal/.m2/repository/io/cucumber/cucumber-java/7.0.0/cucumber-java-7.0.0.jar:/Users/victorcarvajal/.m2/repository/io/cucumber/cucumber-core/7.0.0/cucumber-core-7.0.0.jar:/Users/victorcarvajal/.m2/repository/io/cucumber/cucumber-gherkin/7.0.0/cucumber-gherkin-7.0.0.jar:/Users/victorcarvajal/.m2/repository/io/cucumber/cucumber-gherkin-messages/7.0.0/cucumber-gherkin-messages-7.0.0.jar:/Users/victorcarvajal/.m2/repository/io/cucumber/messages/17.1.1/messages-17.1.1.jar:/Users/victorcarvajal/.m2/repository/io/cucumber/tag-expressions/4.0.2/tag-expressions-4.0.2.jar:/Users/victorcarvajal/.m2/repository/io/cucumber/cucumber-expressions/13.0.1/cucumber-expressions-13.0.1.jar:/Users/victorcarvajal/.m2/repository/io/cucumber/datatable/7.0.0/datatable-7.0.0.jar:/Users/victorcarvajal/.m2/repository/io/cucumber/cucumber-plugin/7.0.0/cucumber-plugin-7.0.0.jar:/Users/victorcarvajal/.m2/repository/io/cucumber/docstring/7.0.0/docstring-7.0.0.jar:/Users/victorcarvajal/.m2/repository/io/cucumber/html-formatter/17.0.0/html-formatter-17.0.0.jar:/Users/victorcarvajal/.m2/repository/io/cucumber/create-meta/6.0.1/create-meta-6.0.1.jar:/Users/victorcarvajal/.m2/repository/org/apiguardian/apiguardian-api/1.1.2/apiguardian-api-1.1.2.jar:/Users/victorcarvajal/.m2/repository/io/cucumber/cucumber-junit/7.0.0/cucumber-junit-7.0.0.jar:/Users/victorcarvajal/.m2/repository/io/qameta/allure/allure-cucumber7-jvm/2.17.0/allure-cucumber7-jvm-2.17.0.jar:/Users/victorcarvajal/.m2/repository/io/qameta/allure/allure-java-commons/2.17.0/allure-java-commons-2.17.0.jar:/Users/victorcarvajal/.m2/repository/org/slf4j/slf4j-api/1.7.30/slf4j-api-1.7.30.jar:/Users/victorcarvajal/.m2/repository/io/qameta/allure/allure-model/2.17.0/allure-model-2.17.0.jar:/Users/victorcarvajal/.m2/repository/io/cucumber/gherkin/22.0.0/gherkin-22.0.0.jar:"/>
    <property name="allure.results.directory" value="target/allure-results"/>
    <property name="sun.cpu.endian" value="little"/>
    <property name="user.home" value="/Users/victorcarvajal"/>
    <property name="user.language" value="es"/>
    <property name="java.specification.vendor" value="Oracle Corporation"/>
    <property name="java.version.date" value="2024-01-16"/>
    <property name="java.home" value="/Users/victorcarvajal/Library/Java/JavaVirtualMachines/openjdk-21.0.2/Contents/Home"/>
    <property name="file.separator" value="/"/>
    <property name="basedir" value="/Users/victorcarvajal/Desktop/ApiServer/Framework_RestAssured_Cucumber_POM"/>
    <property name="java.vm.compressedOopsMode" value="Zero based"/>
    <property name="line.separator" value="&#10;"/>
    <property name="java.vm.specification.vendor" value="Oracle Corporation"/>
    <property name="java.specification.name" value="Java Platform API Specification"/>
    <property name="apple.awt.application.name" value="ForkedBooter"/>
    <property name="surefire.real.class.path" value="/Users/victorcarvajal/Desktop/ApiServer/Framework_RestAssured_Cucumber_POM/target/surefire/surefirebooter-20240222133033252_3.jar"/>
    <property name="sun.management.compiler" value="HotSpot 64-Bit Tiered Compilers"/>
    <property name="ftp.nonProxyHosts" value="local|*.local|169.254/16|*.169.254/16"/>
    <property name="java.runtime.version" value="21.0.2+13-58"/>
    <property name="user.name" value="victorcarvajal"/>
    <property name="stdout.encoding" value="US-ASCII"/>
    <property name="path.separator" value=":"/>
    <property name="os.version" value="14.2.1"/>
    <property name="java.runtime.name" value="OpenJDK Runtime Environment"/>
    <property name="file.encoding" value="UTF-8"/>
    <property name="java.vm.name" value="OpenJDK 64-Bit Server VM"/>
    <property name="localRepository" value="/Users/victorcarvajal/.m2/repository"/>
    <property name="java.vendor.url.bug" value="https://bugreport.java.com/bugreport/"/>
    <property name="java.io.tmpdir" value="/var/folders/hv/k1dcghyj66z1nsbmbm8np67c0000gn/T/"/>
    <property name="java.version" value="21.0.2"/>
    <property name="user.dir" value="/Users/victorcarvajal/Desktop/ApiServer/Framework_RestAssured_Cucumber_POM"/>
    <property name="os.arch" value="x86_64"/>
    <property name="java.vm.specification.name" value="Java Virtual Machine Specification"/>
    <property name="native.encoding" value="US-ASCII"/>
    <property name="java.library.path" value="/Users/victorcarvajal/Library/Java/Extensions:/Library/Java/Extensions:/Network/Library/Java/Extensions:/System/Library/Java/Extensions:/usr/lib/java:."/>
    <property name="java.vm.info" value="mixed mode, sharing"/>
    <property name="stderr.encoding" value="US-ASCII"/>
    <property name="java.vendor" value="Oracle Corporation"/>
    <property name="java.vm.version" value="21.0.2+13-58"/>
    <property name="sun.io.unicode.encoding" value="UnicodeBig"/>
    <property name="socksNonProxyHosts" value="local|*.local|169.254/16|*.169.254/16"/>
    <property name="java.class.version" value="65.0"/>
  </properties>
  <testcase name="User can add, update and delete a pet #1" classname="Everything about your Pets" time="2.486">
    <system-out><![CDATA[
Scenario Outline: User can add, update and delete a pet # src/test/resources/functionalTests/pet.feature:53
  Given I add a new pet with the following body:        # stepDefinitions.petSteps.userAddNewPet(java.lang.String)
  Then pet is added with "200"                          # stepDefinitions.petSteps.successfulPetAddition(java.lang.String)
  When I update new pet with the following body         # stepDefinitions.petSteps.updatePet(java.lang.String)
  Then pet is update with "200"                         # stepDefinitions.petSteps.petIsUpdateWith(java.lang.String)
  When I delete pet by "10"                             # stepDefinitions.petSteps.deletePetById(java.lang.String)
  Then pet is deleted with "200"                        # stepDefinitions.petSteps.petIsDeletedWith(java.lang.String)
]]></system-out>
    <system-err><![CDATA[SLF4J: Failed to load class "org.slf4j.impl.StaticLoggerBinder".
SLF4J: Defaulting to no-operation (NOP) logger implementation
SLF4J: See http://www.slf4j.org/codes.html#StaticLoggerBinder for further details.
]]></system-err>
  </testcase>
  <testcase name="User can add, update and delete a pet #2" classname="Everything about your Pets" time="0.141">
    <system-out><![CDATA[
Scenario Outline: User can add, update and delete a pet # src/test/resources/functionalTests/pet.feature:54
  Given I add a new pet with the following body:        # stepDefinitions.petSteps.userAddNewPet(java.lang.String)
  Then pet is added with "200"                          # stepDefinitions.petSteps.successfulPetAddition(java.lang.String)
  When I update new pet with the following body         # stepDefinitions.petSteps.updatePet(java.lang.String)
  Then pet is update with "200"                         # stepDefinitions.petSteps.petIsUpdateWith(java.lang.String)
  When I delete pet by "11"                             # stepDefinitions.petSteps.deletePetById(java.lang.String)
  Then pet is deleted with "200"                        # stepDefinitions.petSteps.petIsDeletedWith(java.lang.String)
]]></system-out>
  </testcase>
  <testcase name="User send bad request and cannot add, update and delete a pet #1" classname="Everything about your Pets" time="0.115">
    <system-out><![CDATA[
Scenario Outline: User send bad request and cannot add, update and delete a pet # src/test/resources/functionalTests/pet.feature:106
  Given I add a new pet with the following body:                                # stepDefinitions.petSteps.userAddNewPet(java.lang.String)
  Then pet is added with "400"                                                  # stepDefinitions.petSteps.successfulPetAddition(java.lang.String)
  When I update new pet with the following body                                 # stepDefinitions.petSteps.updatePet(java.lang.String)
  Then pet is update with "400"                                                 # stepDefinitions.petSteps.petIsUpdateWith(java.lang.String)
  When I delete pet by "T"                                                      # stepDefinitions.petSteps.deletePetById(java.lang.String)
  Then pet is deleted with "400"                                                # stepDefinitions.petSteps.petIsDeletedWith(java.lang.String)
]]></system-out>
  </testcase>
  <testcase name="User send bad request and cannot add, update and delete a pet #2" classname="Everything about your Pets" time="0.102">
    <system-out><![CDATA[
Scenario Outline: User send bad request and cannot add, update and delete a pet # src/test/resources/functionalTests/pet.feature:107
  Given I add a new pet with the following body:                                # stepDefinitions.petSteps.userAddNewPet(java.lang.String)
  Then pet is added with "400"                                                  # stepDefinitions.petSteps.successfulPetAddition(java.lang.String)
  When I update new pet with the following body                                 # stepDefinitions.petSteps.updatePet(java.lang.String)
  Then pet is update with "400"                                                 # stepDefinitions.petSteps.petIsUpdateWith(java.lang.String)
  When I delete pet by "G"                                                      # stepDefinitions.petSteps.deletePetById(java.lang.String)
  Then pet is deleted with "400"                                                # stepDefinitions.petSteps.petIsDeletedWith(java.lang.String)
]]></system-out>
  </testcase>
  <testcase name="User can place an order, find and delete purchase order #1" classname="Access to Petstore orders" time="0.12">
    <system-out><![CDATA[
Scenario Outline: User can place an order, find and delete purchase order # src/test/resources/functionalTests/store.feature:23
  Given I place an order with the following body:                         # stepDefinitions.storeSteps.userAddNewPet(java.lang.String)
  Then order is placed with "200"                                         # stepDefinitions.storeSteps.orderIsPlacedWith(java.lang.String)
  When I find purchase order by "10"                                      # stepDefinitions.storeSteps.findPurchaseOrderById(java.lang.String)
  Then order is found with "200"                                          # stepDefinitions.storeSteps.orderIsFoundWith(java.lang.String)
  When I delete purchase order by "10"                                    # stepDefinitions.storeSteps.deletePurchaseOrderById(java.lang.String)
  Then order is deleted with "200"                                        # stepDefinitions.storeSteps.orderIsDeletedWith(java.lang.String)
]]></system-out>
  </testcase>
  <testcase name="User can place an order, find and delete purchase order #2" classname="Access to Petstore orders" time="0.092">
    <system-out><![CDATA[
Scenario Outline: User can place an order, find and delete purchase order # src/test/resources/functionalTests/store.feature:24
  Given I place an order with the following body:                         # stepDefinitions.storeSteps.userAddNewPet(java.lang.String)
  Then order is placed with "200"                                         # stepDefinitions.storeSteps.orderIsPlacedWith(java.lang.String)
  When I find purchase order by "11"                                      # stepDefinitions.storeSteps.findPurchaseOrderById(java.lang.String)
  Then order is found with "200"                                          # stepDefinitions.storeSteps.orderIsFoundWith(java.lang.String)
  When I delete purchase order by "11"                                    # stepDefinitions.storeSteps.deletePurchaseOrderById(java.lang.String)
  Then order is deleted with "200"                                        # stepDefinitions.storeSteps.orderIsDeletedWith(java.lang.String)
]]></system-out>
  </testcase>
  <testcase name="User send bad request and cannot place an order, find and delete purchase order #1" classname="Access to Petstore orders" time="0.078">
    <system-out><![CDATA[
Scenario Outline: User send bad request and cannot place an order, find and delete purchase order # src/test/resources/functionalTests/store.feature:46
  Given I place an order with the following body:                                                 # stepDefinitions.storeSteps.userAddNewPet(java.lang.String)
  Then order is placed with "400"                                                                 # stepDefinitions.storeSteps.orderIsPlacedWith(java.lang.String)
  When I find purchase order by "T"                                                               # stepDefinitions.storeSteps.findPurchaseOrderById(java.lang.String)
  Then order is found with "400"                                                                  # stepDefinitions.storeSteps.orderIsFoundWith(java.lang.String)
  When I delete purchase order by "T"                                                             # stepDefinitions.storeSteps.deletePurchaseOrderById(java.lang.String)
  Then order is deleted with "400"                                                                # stepDefinitions.storeSteps.orderIsDeletedWith(java.lang.String)
]]></system-out>
  </testcase>
  <testcase name="User send bad request and cannot place an order, find and delete purchase order #2" classname="Access to Petstore orders" time="0.172">
    <system-out><![CDATA[
Scenario Outline: User send bad request and cannot place an order, find and delete purchase order # src/test/resources/functionalTests/store.feature:47
  Given I place an order with the following body:                                                 # stepDefinitions.storeSteps.userAddNewPet(java.lang.String)
  Then order is placed with "400"                                                                 # stepDefinitions.storeSteps.orderIsPlacedWith(java.lang.String)
  When I find purchase order by "G"                                                               # stepDefinitions.storeSteps.findPurchaseOrderById(java.lang.String)
  Then order is found with "400"                                                                  # stepDefinitions.storeSteps.orderIsFoundWith(java.lang.String)
  When I delete purchase order by "G"                                                             # stepDefinitions.storeSteps.deletePurchaseOrderById(java.lang.String)
  Then order is deleted with "400"                                                                # stepDefinitions.storeSteps.orderIsDeletedWith(java.lang.String)
]]></system-out>
  </testcase>
  <testcase name="User can create, update and delete an user #1" classname="Operations about user" time="0.103">
    <system-out><![CDATA[
Scenario Outline: User can create, update and delete an user # src/test/resources/functionalTests/user.feature:37
  Given I create a new user with the following body:         # stepDefinitions.userSteps.createUser(java.lang.String)
  Then user is created with "200"                            # stepDefinitions.userSteps.userIsCreatedWith(java.lang.String)
  When I updated user by "theUser" with the following body:  # stepDefinitions.userSteps.updateUser(java.lang.String,java.lang.String)
  Then user is updated with "200"                            # stepDefinitions.userSteps.userIsUpdatedWith(java.lang.String)
  When I delete user by "theUser"                            # stepDefinitions.userSteps.deleteUser(java.lang.String)
  Then user is deleted with "200"                            # stepDefinitions.userSteps.userIsDeletedWith(java.lang.String)
]]></system-out>
  </testcase>
  <testcase name="User can create, update and delete an user #2" classname="Operations about user" time="0.067">
    <system-out><![CDATA[
Scenario Outline: User can create, update and delete an user # src/test/resources/functionalTests/user.feature:38
  Given I create a new user with the following body:         # stepDefinitions.userSteps.createUser(java.lang.String)
  Then user is created with "200"                            # stepDefinitions.userSteps.userIsCreatedWith(java.lang.String)
  When I updated user by "theUser1" with the following body: # stepDefinitions.userSteps.updateUser(java.lang.String,java.lang.String)
  Then user is updated with "200"                            # stepDefinitions.userSteps.userIsUpdatedWith(java.lang.String)
  When I delete user by "theUser1"                           # stepDefinitions.userSteps.deleteUser(java.lang.String)
  Then user is deleted with "200"                            # stepDefinitions.userSteps.userIsDeletedWith(java.lang.String)
]]></system-out>
  </testcase>
  <testcase name="User send bad request and cannot create, update and delete an user #1" classname="Operations about user" time="0.106">
    <system-out><![CDATA[
Scenario Outline: User send bad request and cannot create, update and delete an user # src/test/resources/functionalTests/user.feature:72
  Given I create a new user with the following body:                                 # stepDefinitions.userSteps.createUser(java.lang.String)
  Then user is created with "400"                                                    # stepDefinitions.userSteps.userIsCreatedWith(java.lang.String)
  When I updated user by "theUser" with the following body:                          # stepDefinitions.userSteps.updateUser(java.lang.String,java.lang.String)
  Then user is updated with "400"                                                    # stepDefinitions.userSteps.userIsUpdatedWith(java.lang.String)
]]></system-out>
  </testcase>
  <testcase name="User send bad request and cannot create, update and delete an user #2" classname="Operations about user" time="0.05">
    <system-out><![CDATA[
Scenario Outline: User send bad request and cannot create, update and delete an user # src/test/resources/functionalTests/user.feature:73
  Given I create a new user with the following body:                                 # stepDefinitions.userSteps.createUser(java.lang.String)
  Then user is created with "400"                                                    # stepDefinitions.userSteps.userIsCreatedWith(java.lang.String)
  When I updated user by "theUser1" with the following body:                         # stepDefinitions.userSteps.updateUser(java.lang.String,java.lang.String)
  Then user is updated with "400"                                                    # stepDefinitions.userSteps.userIsUpdatedWith(java.lang.String)
]]></system-out>
  </testcase>
</testsuite>